[07:01:06] [main/INFO] (FabricLoader/GameProvider) Loading Minecraft 1.20.4 with Fabric Loader 0.15.11
[07:01:07] [main/INFO] (FabricLoader) Loading 45 mods:
	- fabric-api 0.97.1+1.20.4
	- fabric-api-base 0.4.37+78d798af4f
	- fabric-api-lookup-api-v1 1.6.50+82b1bb3e4f
	- fabric-biome-api-v1 13.0.17+78d798af4f
	- fabric-block-api-v1 1.0.17+3e2216cb4f
	- fabric-block-view-api-v2 1.0.5+78d798af4f
	- fabric-command-api-v1 1.2.42+f71b366f4f
	- fabric-command-api-v2 2.2.21+78d798af4f
	- fabric-commands-v0 0.2.59+df3654b34f
	- fabric-containers-v0 0.1.87+df3654b34f
	- fabric-content-registries-v0 5.0.16+78d798af4f
	- fabric-convention-tags-v1 1.5.11+78d798af4f
	- fabric-crash-report-info-v1 0.2.24+78d798af4f
	- fabric-data-attachment-api-v1 1.1.5+b90db5744f
	- fabric-data-generation-api-v1 13.2.5+5c0133444f
	- fabric-dimensions-v1 2.1.63+6605d1a84f
	- fabric-entity-events-v1 1.6.2+09fc25014f
	- fabric-events-interaction-v0 0.7.2+389931eb4f
	- fabric-events-lifecycle-v0 0.2.75+df3654b34f
	- fabric-game-rule-api-v1 1.0.47+78d798af4f
	- fabric-gametest-api-v1 1.3.6+85d85a934f
	- fabric-item-api-v1 2.3.0+bcdd12964f
	- fabric-item-group-api-v1 4.0.27+ee30b13a4f
	- fabric-language-kotlin 1.10.20+kotlin.1.9.24
	- fabric-lifecycle-events-v1 2.3.1+a67ffb5d4f
	- fabric-loot-api-v2 2.1.10+78d798af4f
	- fabric-message-api-v1 6.0.6+78d798af4f
	- fabric-mining-level-api-v1 2.1.66+78d798af4f
	- fabric-networking-api-v1 3.1.8+2e5ac5484f
	- fabric-object-builder-api-v1 13.1.0+dba1195c4f
	- fabric-particles-v1 1.1.8+78d798af4f
	- fabric-recipe-api-v1 2.0.21+78d798af4f
	- fabric-registry-sync-v0 4.0.20+ee30b13a4f
	- fabric-rendering-data-attachment-v1 0.3.43+73761d2e4f
	- fabric-rendering-fluids-v1 3.1.2+e761c6694f
	- fabric-resource-conditions-api-v1 2.3.15+78d798af4f
	- fabric-resource-loader-v0 0.11.21+ee30b13a4f
	- fabric-screen-handler-api-v1 1.3.56+78d798af4f
	- fabric-transfer-api-v1 4.0.12+90f2d7b14f
	- fabric-transitive-access-wideners-v1 5.0.15+78d798af4f
	- fabricloader 0.15.11
	- java 21
	- minecraft 1.20.4
	- mixinextras 0.3.5
	- seedfixer 0.0.1
[07:01:07] [main/INFO] (FabricLoader/Mixin) SpongePowered MIXIN Subsystem Version=0.8.5 Source=file:/C:/Users/Stas/.gradle/caches/modules-2/files-2.1/net.fabricmc/sponge-mixin/0.13.3+mixin.0.8.5/9527e6b0d2449408958fd1302594dc65ec5ade9c/sponge-mixin-0.13.3+mixin.0.8.5.jar Service=Knot/Fabric Env=SERVER
[07:01:07] [main/INFO] (FabricLoader/Mixin) Loaded Fabric development mappings for mixin remapper!
[07:01:07] [main/INFO] (FabricLoader/Mixin) Compatibility level set to JAVA_17
[07:01:07] [main/INFO] (FabricLoader/MixinExtras|Service) Initializing MixinExtras via com.llamalad7.mixinextras.service.MixinExtrasServiceImpl(version=0.3.5).
[07:01:12] [main/INFO] (fabric-networking-api-v1) Force Packet Serialization is enabled to mimic remote connection on single player, this is the default behaviour on dev env. Add -Dfabric-api.networking.force-packet-serialization=false JVM arg to disable it.
[07:01:12] [main/INFO] (SeedFixer) Loaded config [4866270463335396834, 8954285829488880626]
[07:01:13] [main/INFO] (Minecraft) Environment: Environment[sessionHost=https://sessionserver.mojang.com, servicesHost=https://api.minecraftservices.com, name=PROD]
[07:01:13] [main/INFO] (Minecraft) No existing world data, creating new world
[07:01:14] [main/INFO] (Minecraft) Loaded 7 recipes
[07:01:14] [main/INFO] (Minecraft) Loaded 1271 advancements
[07:01:14] [main/INFO] (BiomeModificationImpl) Applied 0 biome modifications to 0 of 64 new biomes in 1.111 ms
[07:01:14] [Server thread/INFO] (Minecraft) Starting minecraft server version 1.20.4
[07:01:14] [Server thread/INFO] (Minecraft) Loading properties
[07:01:14] [Server thread/INFO] (Minecraft) Default game type: SURVIVAL
[07:01:14] [Server thread/INFO] (Minecraft) Generating keypair
[07:01:14] [Server thread/INFO] (Minecraft) Starting Minecraft server on *:25565
[07:01:14] [Server thread/INFO] (Minecraft) Using default channel type
[07:01:14] [Server thread/INFO] (Minecraft) Preparing level "world"
[07:01:16] [Server thread/INFO] (Minecraft) Preparing start region for dimension minecraft:overworld
[07:01:16] [Worker-Main-1/INFO] (Minecraft) Preparing spawn area: 0%
[07:01:17] [Worker-Main-9/INFO] (Minecraft) Preparing spawn area: 0%
[07:01:17] [Worker-Main-2/INFO] (Minecraft) Preparing spawn area: 1%
[07:01:18] [Worker-Main-6/INFO] (Minecraft) Preparing spawn area: 4%
[07:01:18] [Worker-Main-11/INFO] (Minecraft) Preparing spawn area: 9%
[07:01:19] [Worker-Main-6/INFO] (Minecraft) Preparing spawn area: 16%
[07:01:19] [Worker-Main-7/INFO] (Minecraft) Preparing spawn area: 22%
[07:01:20] [Worker-Main-7/INFO] (Minecraft) Preparing spawn area: 29%
[07:01:20] [Worker-Main-6/INFO] (Minecraft) Preparing spawn area: 35%
[07:01:21] [Worker-Main-9/INFO] (Minecraft) Preparing spawn area: 43%
[07:01:21] [Worker-Main-10/INFO] (Minecraft) Preparing spawn area: 51%
[07:01:22] [Worker-Main-11/INFO] (Minecraft) Preparing spawn area: 57%
[07:01:22] [Worker-Main-2/INFO] (Minecraft) Preparing spawn area: 62%
[07:01:23] [Worker-Main-6/INFO] (Minecraft) Preparing spawn area: 66%
[07:01:23] [Worker-Main-5/INFO] (Minecraft) Preparing spawn area: 69%
[07:01:24] [Worker-Main-11/INFO] (Minecraft) Preparing spawn area: 76%
[07:01:24] [Worker-Main-1/INFO] (Minecraft) Preparing spawn area: 83%
[07:01:25] [Worker-Main-3/INFO] (Minecraft) Preparing spawn area: 91%
[07:01:25] [Server thread/INFO] (Minecraft) Time elapsed: 8908 ms
[07:01:25] [Server thread/INFO] (Minecraft) Done (10.650s)! For help, type "help"
[07:01:33] [User Authenticator #1/INFO] (Minecraft) UUID of player Z3DB0Y is 362d041d-d407-45d7-a354-605791d82f96
[07:01:33] [Server thread/INFO] (Minecraft) Z3DB0Y[/127.0.0.1:25392] logged in with entity id 543 at (8.5, 63.0, 42.5)
[07:01:33] [Server thread/INFO] (Minecraft) Z3DB0Y joined the game
[07:01:41] [Server thread/INFO] (Minecraft) [Z3DB0Y: Changed the block at 8, 63, 42]
[07:01:46] [Server thread/INFO] (Minecraft) Z3DB0Y has made the advancement [We Need to Go Deeper]
[07:01:48] [Server thread/INFO] (Minecraft) [Z3DB0Y: Set own game mode to Creative Mode]
[07:01:56] [Server thread/INFO] (Minecraft) Locating element minecraft:fortress took 1 ms
[07:02:00] [Server thread/INFO] (Minecraft) [Z3DB0Y: Teleported Z3DB0Y to -159.500000, 91.532928, 320.500000]
[07:02:00] [Server thread/WARN] (Minecraft) Z3DB0Y moved too quickly! -159.24911153641608,0.0,300.8604493462294
[07:02:00] [Server thread/WARN] (Minecraft) Z3DB0Y moved too quickly! -159.24911153641608,0.0,300.8604493462294
[07:02:00] [Server thread/WARN] (Minecraft) Z3DB0Y moved too quickly! -159.24911153641608,0.0,300.8604493462294
[07:02:00] [Server thread/WARN] (Minecraft) Z3DB0Y moved too quickly! -159.24911153641608,0.0,300.8604493462294
[07:02:00] [Server thread/WARN] (Minecraft) Z3DB0Y moved too quickly! -159.24911153641608,0.0,300.8604493462294
[07:02:00] [Server thread/WARN] (Minecraft) Z3DB0Y moved too quickly! -159.24911153641608,0.0,300.8604493462294
[07:02:00] [Server thread/WARN] (Minecraft) Z3DB0Y moved too quickly! -159.24911153641608,0.0,300.8604493462294
[07:02:00] [Server thread/WARN] (Minecraft) Z3DB0Y moved too quickly! -159.24911153641608,0.0,300.8604493462294
[07:02:00] [Server thread/WARN] (Minecraft) Z3DB0Y moved too quickly! -159.24911153641608,0.0,300.8604493462294
[07:02:00] [Server thread/WARN] (Minecraft) Z3DB0Y moved too quickly! -159.24911153641608,0.0,300.8604493462294
[07:02:00] [Server thread/WARN] (Minecraft) Z3DB0Y moved too quickly! -159.24911153641608,0.0,300.8604493462294
[07:02:00] [Server thread/WARN] (Minecraft) Z3DB0Y moved too quickly! -159.24911153641608,0.0,300.8604493462294
[07:02:00] [Server thread/WARN] (Minecraft) Z3DB0Y moved too quickly! -159.24911153641608,0.0,300.8604493462294
[07:02:00] [Server thread/WARN] (Minecraft) Z3DB0Y moved too quickly! -159.24911153641608,0.0,300.8604493462294
[07:02:00] [Server thread/WARN] (Minecraft) Z3DB0Y moved too quickly! -159.24911153641608,0.0,300.8604493462294
[07:02:00] [Server thread/WARN] (Minecraft) Z3DB0Y moved too quickly! -159.24911153641608,0.0,300.8604493462294
[07:02:00] [Server thread/WARN] (Minecraft) Z3DB0Y moved too quickly! -159.24911153641608,0.0,300.8604493462294
[07:02:00] [Server thread/WARN] (Minecraft) Z3DB0Y moved too quickly! -159.24911153641608,0.0,300.8604493462294
[07:02:00] [Server thread/WARN] (Minecraft) Z3DB0Y moved too quickly! -159.24911153641608,0.0,300.8604493462294
[07:02:00] [Server thread/WARN] (Minecraft) Z3DB0Y moved too quickly! -159.24911153641608,0.0,300.8604493462294
[07:02:00] [Server thread/WARN] (Minecraft) Z3DB0Y moved too quickly! -159.24911153641608,0.0,300.8604493462294
[07:02:00] [Server thread/WARN] (Minecraft) Z3DB0Y moved too quickly! -159.24911153641608,0.0,300.8604493462294
[07:02:00] [Server thread/WARN] (Minecraft) Z3DB0Y moved too quickly! -159.24911153641608,0.0,300.8604493462294
[07:02:00] [Server thread/WARN] (Minecraft) Z3DB0Y moved too quickly! -159.24911153641608,0.0,300.8604493462294
[07:02:00] [Server thread/WARN] (Minecraft) Z3DB0Y moved too quickly! -159.24911153641608,0.0,300.8604493462294
[07:02:00] [Server thread/WARN] (Minecraft) Z3DB0Y moved too quickly! -159.24911153641608,0.0,300.8604493462294
[07:02:00] [Server thread/WARN] (Minecraft) Z3DB0Y moved too quickly! -159.24911153641608,0.0,300.8604493462294
[07:02:00] [Server thread/WARN] (Minecraft) Z3DB0Y moved too quickly! -159.24911153641608,0.0,300.8604493462294
[07:02:00] [Server thread/WARN] (Minecraft) Z3DB0Y moved too quickly! -159.24911153641608,0.0,300.8604493462294
[07:02:00] [Server thread/WARN] (Minecraft) Z3DB0Y moved too quickly! -159.24911153641608,0.0,300.8604493462294
[07:02:00] [Server thread/WARN] (Minecraft) Z3DB0Y moved too quickly! -159.24911153641608,0.0,300.8604493462294
[07:02:00] [Server thread/WARN] (Minecraft) Z3DB0Y moved too quickly! -159.24911153641608,0.0,300.8604493462294
[07:02:00] [Server thread/WARN] (Minecraft) Z3DB0Y moved too quickly! -159.24911153641608,0.0,300.8604493462294
[07:02:00] [Server thread/WARN] (Minecraft) Z3DB0Y moved too quickly! -159.24911153641608,0.0,300.8604493462294
[07:02:00] [Server thread/WARN] (Minecraft) Z3DB0Y moved too quickly! -159.24911153641608,0.0,300.8604493462294
[07:02:00] [Server thread/WARN] (Minecraft) Z3DB0Y moved too quickly! -159.24911153641608,0.0,300.8604493462294
[07:02:00] [Server thread/WARN] (Minecraft) Z3DB0Y moved too quickly! -159.24911153641608,0.0,300.8604493462294
[07:02:00] [Server thread/WARN] (Minecraft) Z3DB0Y moved too quickly! -159.24911153641608,0.0,300.8604493462294
[07:02:00] [Server thread/WARN] (Minecraft) Z3DB0Y moved too quickly! -159.24911153641608,0.0,300.8604493462294
[07:02:00] [Server thread/WARN] (Minecraft) Z3DB0Y moved too quickly! -159.24911153641608,0.0,300.8604493462294
[07:02:00] [Server thread/WARN] (Minecraft) Z3DB0Y moved too quickly! -159.24911153641608,0.0,300.8604493462294
[07:02:00] [Server thread/WARN] (Minecraft) Z3DB0Y moved too quickly! -159.24911153641608,0.0,300.8604493462294
[07:02:00] [Server thread/WARN] (Minecraft) Z3DB0Y moved too quickly! -159.24911153641608,0.0,300.8604493462294
[07:02:00] [Server thread/WARN] (Minecraft) Z3DB0Y moved too quickly! -159.24911153641608,0.0,300.8604493462294
[07:02:00] [Server thread/WARN] (Minecraft) Z3DB0Y moved too quickly! -159.24911153641608,0.0,300.8604493462294
[07:02:49] [Server thread/INFO] (Minecraft) Z3DB0Y has made the advancement [A Terrible Fortress]
[07:02:52] [Server thread/INFO] (Minecraft) Z3DB0Y lost connection: Disconnected
[07:02:52] [Server thread/INFO] (Minecraft) Z3DB0Y left the game
